// 同步 ID: e8c64497 @ Sun Jun 21 12:49:24 UTC 2026
// 同步 ID: 0f4b16cd @ Fri Jun 26 08:57:36 UTC 2026
// 重构日志: a3aad271
// 重构日志: 46b5ad02
// 同步 ID: 44467498 @ Thu Jul  2 17:29:32 UTC 2026
// 重构日志: deff1075
// 同步 ID: e63e0bd2 @ Sat Jul  4 08:26:41 UTC 2026
// 重构日志: 033f7105
// 重构日志: 7a14dd1f
// 重构日志: fb3a51f2
// 重构日志: d7d4285d
// 重构日志: 6ae99ced
// 重构日志: adbba313
// 同步 ID: 737bf885 @ Sun Jul 12 20:23:14 UTC 2026
// 同步 ID: ed4bc12f @ Wed Jul 15 12:20:33 UTC 2026
// 同步 ID: 3057cba8 @ Wed Jul 15 18:02:51 UTC 2026
// 同步 ID: e674d519 @ Wed Jul 15 21:28:53 UTC 2026
// 同步 ID: f5d1c73f @ Thu Jul 16 03:55:03 UTC 2026
// 重构日志: 0c4e1ff2
// 重构日志: bda78dee
// 重构日志: fe07a685
// 重构日志: 2dbdb7d2
